mode: atomic
github.com/Dorico-Dynamics/txova-go-db/postgres/conn.go:22.97,29.16 5 0
github.com/Dorico-Dynamics/txova-go-db/postgres/conn.go:29.16,36.3 2 0
github.com/Dorico-Dynamics/txova-go-db/postgres/conn.go:37.2,37.17 1 0
github.com/Dorico-Dynamics/txova-go-db/postgres/conn.go:41.89,48.16 5 0
github.com/Dorico-Dynamics/txova-go-db/postgres/conn.go:48.16,55.3 2 0
github.com/Dorico-Dynamics/txova-go-db/postgres/conn.go:56.2,56.18 1 0
github.com/Dorico-Dynamics/txova-go-db/postgres/conn.go:60.82,68.2 5 0
github.com/Dorico-Dynamics/txova-go-db/postgres/conn.go:71.89,72.66 1 4
github.com/Dorico-Dynamics/txova-go-db/postgres/conn.go:72.66,78.3 1 2
github.com/Dorico-Dynamics/txova-go-db/postgres/conn.go:82.58,84.16 2 0
github.com/Dorico-Dynamics/txova-go-db/postgres/conn.go:84.16,86.3 1 0
github.com/Dorico-Dynamics/txova-go-db/postgres/conn.go:87.2,87.88 1 0
github.com/Dorico-Dynamics/txova-go-db/postgres/conn.go:91.85,93.16 2 0
github.com/Dorico-Dynamics/txova-go-db/postgres/conn.go:93.16,95.3 1 0
github.com/Dorico-Dynamics/txova-go-db/postgres/conn.go:96.2,96.88 1 0
github.com/Dorico-Dynamics/txova-go-db/postgres/conn.go:100.51,101.41 1 0
github.com/Dorico-Dynamics/txova-go-db/postgres/conn.go:101.41,103.3 1 0
github.com/Dorico-Dynamics/txova-go-db/postgres/conn.go:104.2,104.12 1 0
github.com/Dorico-Dynamics/txova-go-db/postgres/conn.go:108.29,110.2 1 0
github.com/Dorico-Dynamics/txova-go-db/postgres/errors.go:59.31,61.2 1 22
github.com/Dorico-Dynamics/txova-go-db/postgres/errors.go:79.42,80.44 1 77
github.com/Dorico-Dynamics/txova-go-db/postgres/errors.go:80.44,82.3 1 77
github.com/Dorico-Dynamics/txova-go-db/postgres/errors.go:83.2,83.37 1 0
github.com/Dorico-Dynamics/txova-go-db/postgres/errors.go:101.44,106.2 1 53
github.com/Dorico-Dynamics/txova-go-db/postgres/errors.go:109.58,114.2 1 9
github.com/Dorico-Dynamics/txova-go-db/postgres/errors.go:118.32,119.32 1 2
github.com/Dorico-Dynamics/txova-go-db/postgres/errors.go:119.32,121.3 1 1
github.com/Dorico-Dynamics/txova-go-db/postgres/errors.go:122.2,122.60 1 1
github.com/Dorico-Dynamics/txova-go-db/postgres/errors.go:126.29,128.2 1 79
github.com/Dorico-Dynamics/txova-go-db/postgres/errors.go:131.44,133.2 1 0
github.com/Dorico-Dynamics/txova-go-db/postgres/errors.go:136.34,138.2 1 12
github.com/Dorico-Dynamics/txova-go-db/postgres/errors.go:141.35,143.2 1 2
github.com/Dorico-Dynamics/txova-go-db/postgres/errors.go:146.33,148.2 1 1
github.com/Dorico-Dynamics/txova-go-db/postgres/errors.go:151.31,153.2 1 1
github.com/Dorico-Dynamics/txova-go-db/postgres/errors.go:156.36,158.2 1 1
github.com/Dorico-Dynamics/txova-go-db/postgres/errors.go:161.33,163.2 1 1
github.com/Dorico-Dynamics/txova-go-db/postgres/errors.go:166.37,168.2 1 1
github.com/Dorico-Dynamics/txova-go-db/postgres/errors.go:172.32,174.2 1 10
github.com/Dorico-Dynamics/txova-go-db/postgres/errors.go:178.39,181.31 2 4
github.com/Dorico-Dynamics/txova-go-db/postgres/errors.go:181.31,183.3 1 2
github.com/Dorico-Dynamics/txova-go-db/postgres/errors.go:185.2,185.30 1 2
github.com/Dorico-Dynamics/txova-go-db/postgres/errors.go:191.37,193.57 1 10
github.com/Dorico-Dynamics/txova-go-db/postgres/errors.go:193.57,196.3 2 10
github.com/Dorico-Dynamics/txova-go-db/postgres/errors.go:197.2,197.14 1 0
github.com/Dorico-Dynamics/txova-go-db/postgres/errors.go:201.52,205.2 3 1
github.com/Dorico-Dynamics/txova-go-db/postgres/errors.go:208.47,212.2 3 1
github.com/Dorico-Dynamics/txova-go-db/postgres/errors.go:234.36,235.16 1 7
github.com/Dorico-Dynamics/txova-go-db/postgres/errors.go:235.16,237.3 1 1
github.com/Dorico-Dynamics/txova-go-db/postgres/errors.go:239.2,240.29 2 6
github.com/Dorico-Dynamics/txova-go-db/postgres/errors.go:240.29,243.3 1 1
github.com/Dorico-Dynamics/txova-go-db/postgres/errors.go:245.2,255.3 2 5
github.com/Dorico-Dynamics/txova-go-db/postgres/errors.go:259.40,261.18 1 16
github.com/Dorico-Dynamics/txova-go-db/postgres/errors.go:262.31,263.23 1 4
github.com/Dorico-Dynamics/txova-go-db/postgres/errors.go:264.35,265.24 1 2
github.com/Dorico-Dynamics/txova-go-db/postgres/errors.go:266.30,267.28 1 1
github.com/Dorico-Dynamics/txova-go-db/postgres/errors.go:268.32,269.26 1 1
github.com/Dorico-Dynamics/txova-go-db/postgres/errors.go:270.36,271.27 1 1
github.com/Dorico-Dynamics/txova-go-db/postgres/errors.go:272.32,273.22 1 1
github.com/Dorico-Dynamics/txova-go-db/postgres/errors.go:274.29,275.21 1 1
github.com/Dorico-Dynamics/txova-go-db/postgres/errors.go:279.2,279.24 1 5
github.com/Dorico-Dynamics/txova-go-db/postgres/errors.go:279.24,281.16 2 4
github.com/Dorico-Dynamics/txova-go-db/postgres/errors.go:282.36,283.25 1 3
github.com/Dorico-Dynamics/txova-go-db/postgres/errors.go:287.2,287.21 1 2
github.com/Dorico-Dynamics/txova-go-db/postgres/errors.go:293.30,296.2 2 4
github.com/Dorico-Dynamics/txova-go-db/postgres/errors.go:300.32,302.28 2 56
github.com/Dorico-Dynamics/txova-go-db/postgres/errors.go:302.28,304.3 1 53
github.com/Dorico-Dynamics/txova-go-db/postgres/errors.go:305.2,305.12 1 3
github.com/Dorico-Dynamics/txova-go-db/postgres/errors.go:310.30,311.41 1 2
github.com/Dorico-Dynamics/txova-go-db/postgres/errors.go:311.41,313.3 1 1
github.com/Dorico-Dynamics/txova-go-db/postgres/errors.go:314.2,314.21 1 1
github.com/Dorico-Dynamics/txova-go-db/postgres/errors.go:318.40,319.41 1 51
github.com/Dorico-Dynamics/txova-go-db/postgres/errors.go:319.41,321.3 1 51
github.com/Dorico-Dynamics/txova-go-db/postgres/errors.go:322.2,322.14 1 0
github.com/Dorico-Dynamics/txova-go-db/postgres/errors.go:326.33,328.2 1 7
github.com/Dorico-Dynamics/txova-go-db/postgres/errors.go:331.34,333.2 1 7
github.com/Dorico-Dynamics/txova-go-db/postgres/errors.go:336.35,338.2 1 7
github.com/Dorico-Dynamics/txova-go-db/postgres/errors.go:341.35,343.2 1 7
github.com/Dorico-Dynamics/txova-go-db/postgres/errors.go:346.32,348.2 1 7
github.com/Dorico-Dynamics/txova-go-db/postgres/errors.go:351.38,353.2 1 7
github.com/Dorico-Dynamics/txova-go-db/postgres/errors.go:356.33,358.2 1 7
github.com/Dorico-Dynamics/txova-go-db/postgres/errors.go:363.38,365.2 1 5
github.com/Dorico-Dynamics/txova-go-db/postgres/errors.go:368.51,370.2 1 1
github.com/Dorico-Dynamics/txova-go-db/postgres/errors.go:373.39,375.2 1 3
github.com/Dorico-Dynamics/txova-go-db/postgres/errors.go:378.52,380.2 1 1
github.com/Dorico-Dynamics/txova-go-db/postgres/errors.go:383.40,385.2 1 3
github.com/Dorico-Dynamics/txova-go-db/postgres/errors.go:388.40,390.2 1 3
github.com/Dorico-Dynamics/txova-go-db/postgres/errors.go:393.57,395.2 1 1
github.com/Dorico-Dynamics/txova-go-db/postgres/errors.go:398.37,400.2 1 3
github.com/Dorico-Dynamics/txova-go-db/postgres/errors.go:403.54,405.2 1 1
github.com/Dorico-Dynamics/txova-go-db/postgres/errors.go:408.38,410.2 1 3
github.com/Dorico-Dynamics/txova-go-db/postgres/errors.go:413.55,415.2 1 1
github.com/Dorico-Dynamics/txova-go-db/postgres/pool.go:59.37,70.2 1 14
github.com/Dorico-Dynamics/txova-go-db/postgres/pool.go:76.47,77.29 1 2
github.com/Dorico-Dynamics/txova-go-db/postgres/pool.go:77.29,79.3 1 2
github.com/Dorico-Dynamics/txova-go-db/postgres/pool.go:83.35,84.29 1 3
github.com/Dorico-Dynamics/txova-go-db/postgres/pool.go:84.29,86.3 1 3
github.com/Dorico-Dynamics/txova-go-db/postgres/pool.go:90.35,91.29 1 3
github.com/Dorico-Dynamics/txova-go-db/postgres/pool.go:91.29,93.3 1 3
github.com/Dorico-Dynamics/txova-go-db/postgres/pool.go:97.50,98.29 1 2
github.com/Dorico-Dynamics/txova-go-db/postgres/pool.go:98.29,100.3 1 2
github.com/Dorico-Dynamics/txova-go-db/postgres/pool.go:104.50,105.29 1 1
github.com/Dorico-Dynamics/txova-go-db/postgres/pool.go:105.29,107.3 1 1
github.com/Dorico-Dynamics/txova-go-db/postgres/pool.go:111.52,112.29 1 1
github.com/Dorico-Dynamics/txova-go-db/postgres/pool.go:112.29,114.3 1 1
github.com/Dorico-Dynamics/txova-go-db/postgres/pool.go:118.49,119.29 1 1
github.com/Dorico-Dynamics/txova-go-db/postgres/pool.go:119.29,121.3 1 1
github.com/Dorico-Dynamics/txova-go-db/postgres/pool.go:126.53,127.29 1 3
github.com/Dorico-Dynamics/txova-go-db/postgres/pool.go:127.29,129.3 1 3
github.com/Dorico-Dynamics/txova-go-db/postgres/pool.go:133.48,134.29 1 2
github.com/Dorico-Dynamics/txova-go-db/postgres/pool.go:134.29,136.3 1 2
github.com/Dorico-Dynamics/txova-go-db/postgres/pool.go:141.82,146.27 4 2
github.com/Dorico-Dynamics/txova-go-db/postgres/pool.go:146.27,148.3 1 3
github.com/Dorico-Dynamics/txova-go-db/postgres/pool.go:150.2,150.12 1 2
github.com/Dorico-Dynamics/txova-go-db/postgres/pool.go:154.39,155.24 1 7
github.com/Dorico-Dynamics/txova-go-db/postgres/pool.go:155.24,157.3 1 2
github.com/Dorico-Dynamics/txova-go-db/postgres/pool.go:158.2,158.20 1 5
github.com/Dorico-Dynamics/txova-go-db/postgres/pool.go:158.20,160.3 1 1
github.com/Dorico-Dynamics/txova-go-db/postgres/pool.go:161.2,161.20 1 4
github.com/Dorico-Dynamics/txova-go-db/postgres/pool.go:161.20,163.3 1 1
github.com/Dorico-Dynamics/txova-go-db/postgres/pool.go:164.2,164.29 1 3
github.com/Dorico-Dynamics/txova-go-db/postgres/pool.go:164.29,166.3 1 2
github.com/Dorico-Dynamics/txova-go-db/postgres/pool.go:167.2,167.12 1 1
github.com/Dorico-Dynamics/txova-go-db/postgres/pool.go:179.65,181.27 2 1
github.com/Dorico-Dynamics/txova-go-db/postgres/pool.go:181.27,183.3 1 1
github.com/Dorico-Dynamics/txova-go-db/postgres/pool.go:185.2,185.39 1 1
github.com/Dorico-Dynamics/txova-go-db/postgres/pool.go:185.39,187.3 1 1
github.com/Dorico-Dynamics/txova-go-db/postgres/pool.go:189.2,189.36 1 0
github.com/Dorico-Dynamics/txova-go-db/postgres/pool.go:193.75,194.39 1 1
github.com/Dorico-Dynamics/txova-go-db/postgres/pool.go:194.39,196.3 1 1
github.com/Dorico-Dynamics/txova-go-db/postgres/pool.go:198.2,198.36 1 0
github.com/Dorico-Dynamics/txova-go-db/postgres/pool.go:201.75,203.19 2 0
github.com/Dorico-Dynamics/txova-go-db/postgres/pool.go:203.19,205.3 1 0
github.com/Dorico-Dynamics/txova-go-db/postgres/pool.go:208.2,209.16 2 0
github.com/Dorico-Dynamics/txova-go-db/postgres/pool.go:209.16,211.3 1 0
github.com/Dorico-Dynamics/txova-go-db/postgres/pool.go:214.2,221.28 6 0
github.com/Dorico-Dynamics/txova-go-db/postgres/pool.go:221.28,223.3 1 0
github.com/Dorico-Dynamics/txova-go-db/postgres/pool.go:225.2,235.16 3 0
github.com/Dorico-Dynamics/txova-go-db/postgres/pool.go:235.16,237.3 1 0
github.com/Dorico-Dynamics/txova-go-db/postgres/pool.go:239.2,245.8 2 0
github.com/Dorico-Dynamics/txova-go-db/postgres/pool.go:249.97,256.16 5 0
github.com/Dorico-Dynamics/txova-go-db/postgres/pool.go:256.16,263.3 2 0
github.com/Dorico-Dynamics/txova-go-db/postgres/pool.go:264.2,264.17 1 0
github.com/Dorico-Dynamics/txova-go-db/postgres/pool.go:268.89,275.16 5 0
github.com/Dorico-Dynamics/txova-go-db/postgres/pool.go:275.16,282.3 2 0
github.com/Dorico-Dynamics/txova-go-db/postgres/pool.go:283.2,283.18 1 0
github.com/Dorico-Dynamics/txova-go-db/postgres/pool.go:287.82,295.2 5 0
github.com/Dorico-Dynamics/txova-go-db/postgres/pool.go:298.89,299.80 1 1
github.com/Dorico-Dynamics/txova-go-db/postgres/pool.go:299.80,305.3 1 1
github.com/Dorico-Dynamics/txova-go-db/postgres/pool.go:309.37,311.24 2 8
github.com/Dorico-Dynamics/txova-go-db/postgres/pool.go:311.24,313.3 1 7
github.com/Dorico-Dynamics/txova-go-db/postgres/pool.go:314.2,314.29 1 1
github.com/Dorico-Dynamics/txova-go-db/postgres/pool.go:318.62,320.16 2 0
github.com/Dorico-Dynamics/txova-go-db/postgres/pool.go:320.16,322.3 1 0
github.com/Dorico-Dynamics/txova-go-db/postgres/pool.go:323.2,323.101 1 0
github.com/Dorico-Dynamics/txova-go-db/postgres/pool.go:327.58,329.16 2 0
github.com/Dorico-Dynamics/txova-go-db/postgres/pool.go:329.16,331.3 1 0
github.com/Dorico-Dynamics/txova-go-db/postgres/pool.go:332.2,332.95 1 0
github.com/Dorico-Dynamics/txova-go-db/postgres/pool.go:336.85,338.16 2 0
github.com/Dorico-Dynamics/txova-go-db/postgres/pool.go:338.16,340.3 1 0
github.com/Dorico-Dynamics/txova-go-db/postgres/pool.go:341.2,341.95 1 0
github.com/Dorico-Dynamics/txova-go-db/postgres/pool.go:345.51,346.41 1 0
github.com/Dorico-Dynamics/txova-go-db/postgres/pool.go:346.41,348.3 1 0
github.com/Dorico-Dynamics/txova-go-db/postgres/pool.go:349.2,349.12 1 0
github.com/Dorico-Dynamics/txova-go-db/postgres/pool.go:353.27,356.2 2 0
github.com/Dorico-Dynamics/txova-go-db/postgres/pool.go:359.36,375.2 2 0
github.com/Dorico-Dynamics/txova-go-db/postgres/tx.go:21.95,28.16 5 0
github.com/Dorico-Dynamics/txova-go-db/postgres/tx.go:28.16,35.3 2 0
github.com/Dorico-Dynamics/txova-go-db/postgres/tx.go:36.2,36.17 1 0
github.com/Dorico-Dynamics/txova-go-db/postgres/tx.go:40.87,47.16 5 0
github.com/Dorico-Dynamics/txova-go-db/postgres/tx.go:47.16,54.3 2 0
github.com/Dorico-Dynamics/txova-go-db/postgres/tx.go:55.2,55.18 1 0
github.com/Dorico-Dynamics/txova-go-db/postgres/tx.go:59.80,67.2 5 0
github.com/Dorico-Dynamics/txova-go-db/postgres/tx.go:70.87,71.66 1 3
github.com/Dorico-Dynamics/txova-go-db/postgres/tx.go:71.66,77.3 1 1
github.com/Dorico-Dynamics/txova-go-db/postgres/tx.go:81.56,83.16 2 0
github.com/Dorico-Dynamics/txova-go-db/postgres/tx.go:83.16,85.3 1 0
github.com/Dorico-Dynamics/txova-go-db/postgres/tx.go:86.2,86.94 1 0
github.com/Dorico-Dynamics/txova-go-db/postgres/tx.go:90.51,91.41 1 0
github.com/Dorico-Dynamics/txova-go-db/postgres/tx.go:91.41,93.3 1 0
github.com/Dorico-Dynamics/txova-go-db/postgres/tx.go:94.2,94.12 1 0
github.com/Dorico-Dynamics/txova-go-db/postgres/tx.go:98.53,99.43 1 0
github.com/Dorico-Dynamics/txova-go-db/postgres/tx.go:99.43,101.3 1 0
github.com/Dorico-Dynamics/txova-go-db/postgres/tx.go:102.2,102.12 1 0
github.com/Dorico-Dynamics/txova-go-db/postgres/tx.go:106.34,108.2 1 0
github.com/Dorico-Dynamics/txova-go-db/postgres/txmanager.go:19.52,22.2 2 3
github.com/Dorico-Dynamics/txova-go-db/postgres/txmanager.go:25.64,27.2 1 1
github.com/Dorico-Dynamics/txova-go-db/postgres/txmanager.go:49.47,56.2 1 5
github.com/Dorico-Dynamics/txova-go-db/postgres/txmanager.go:62.44,63.34 1 1
github.com/Dorico-Dynamics/txova-go-db/postgres/txmanager.go:63.34,65.3 1 1
github.com/Dorico-Dynamics/txova-go-db/postgres/txmanager.go:69.58,70.34 1 1
github.com/Dorico-Dynamics/txova-go-db/postgres/txmanager.go:70.34,72.3 1 1
github.com/Dorico-Dynamics/txova-go-db/postgres/txmanager.go:76.57,77.34 1 1
github.com/Dorico-Dynamics/txova-go-db/postgres/txmanager.go:77.34,79.3 1 1
github.com/Dorico-Dynamics/txova-go-db/postgres/txmanager.go:83.59,84.34 1 1
github.com/Dorico-Dynamics/txova-go-db/postgres/txmanager.go:84.34,86.3 1 1
github.com/Dorico-Dynamics/txova-go-db/postgres/txmanager.go:96.65,98.27 2 0
github.com/Dorico-Dynamics/txova-go-db/postgres/txmanager.go:98.27,100.3 1 0
github.com/Dorico-Dynamics/txova-go-db/postgres/txmanager.go:101.2,101.44 1 0
github.com/Dorico-Dynamics/txova-go-db/postgres/txmanager.go:108.77,110.2 1 0
github.com/Dorico-Dynamics/txova-go-db/postgres/txmanager.go:118.104,120.46 1 0
github.com/Dorico-Dynamics/txova-go-db/postgres/txmanager.go:120.46,123.3 1 0
github.com/Dorico-Dynamics/txova-go-db/postgres/txmanager.go:126.2,126.42 1 0
github.com/Dorico-Dynamics/txova-go-db/postgres/txmanager.go:130.107,133.62 2 0
github.com/Dorico-Dynamics/txova-go-db/postgres/txmanager.go:133.62,134.18 1 0
github.com/Dorico-Dynamics/txova-go-db/postgres/txmanager.go:134.18,143.11 3 0
github.com/Dorico-Dynamics/txova-go-db/postgres/txmanager.go:144.22,145.74 1 0
github.com/Dorico-Dynamics/txova-go-db/postgres/txmanager.go:146.29,146.29 0 0
github.com/Dorico-Dynamics/txova-go-db/postgres/txmanager.go:150.3,151.17 2 0
github.com/Dorico-Dynamics/txova-go-db/postgres/txmanager.go:151.17,153.4 1 0
github.com/Dorico-Dynamics/txova-go-db/postgres/txmanager.go:155.3,158.24 2 0
github.com/Dorico-Dynamics/txova-go-db/postgres/txmanager.go:158.24,160.4 1 0
github.com/Dorico-Dynamics/txova-go-db/postgres/txmanager.go:162.3,165.4 1 0
github.com/Dorico-Dynamics/txova-go-db/postgres/txmanager.go:168.2,168.81 1 0
github.com/Dorico-Dynamics/txova-go-db/postgres/txmanager.go:172.106,174.16 2 0
github.com/Dorico-Dynamics/txova-go-db/postgres/txmanager.go:174.16,176.3 1 0
github.com/Dorico-Dynamics/txova-go-db/postgres/txmanager.go:179.2,182.15 2 0
github.com/Dorico-Dynamics/txova-go-db/postgres/txmanager.go:182.15,183.31 1 0
github.com/Dorico-Dynamics/txova-go-db/postgres/txmanager.go:183.31,189.12 3 0
github.com/Dorico-Dynamics/txova-go-db/postgres/txmanager.go:194.2,194.30 1 0
github.com/Dorico-Dynamics/txova-go-db/postgres/txmanager.go:194.30,196.46 1 0
github.com/Dorico-Dynamics/txova-go-db/postgres/txmanager.go:196.46,202.4 1 0
github.com/Dorico-Dynamics/txova-go-db/postgres/txmanager.go:203.3,203.13 1 0
github.com/Dorico-Dynamics/txova-go-db/postgres/txmanager.go:207.2,207.40 1 0
github.com/Dorico-Dynamics/txova-go-db/postgres/txmanager.go:207.40,209.3 1 0
github.com/Dorico-Dynamics/txova-go-db/postgres/txmanager.go:211.2,211.12 1 0
github.com/Dorico-Dynamics/txova-go-db/postgres/txmanager.go:216.68,221.36 2 4
github.com/Dorico-Dynamics/txova-go-db/postgres/txmanager.go:221.36,223.3 1 1
github.com/Dorico-Dynamics/txova-go-db/postgres/txmanager.go:226.2,229.14 3 4
github.com/Dorico-Dynamics/txova-go-db/postgres/txmanager.go:233.34,235.28 2 8
github.com/Dorico-Dynamics/txova-go-db/postgres/txmanager.go:235.28,238.3 2 7
github.com/Dorico-Dynamics/txova-go-db/postgres/txmanager.go:239.2,239.14 1 1
