mode: atomic
github.com/Dorico-Dynamics/txova-go-db/postgres/errors.go:59.31,61.2 1 22
github.com/Dorico-Dynamics/txova-go-db/postgres/errors.go:79.42,80.44 1 67
github.com/Dorico-Dynamics/txova-go-db/postgres/errors.go:80.44,82.3 1 67
github.com/Dorico-Dynamics/txova-go-db/postgres/errors.go:83.2,83.37 1 0
github.com/Dorico-Dynamics/txova-go-db/postgres/errors.go:101.44,106.2 1 46
github.com/Dorico-Dynamics/txova-go-db/postgres/errors.go:109.58,114.2 1 6
github.com/Dorico-Dynamics/txova-go-db/postgres/errors.go:118.32,119.32 1 2
github.com/Dorico-Dynamics/txova-go-db/postgres/errors.go:119.32,121.3 1 1
github.com/Dorico-Dynamics/txova-go-db/postgres/errors.go:122.2,122.60 1 1
github.com/Dorico-Dynamics/txova-go-db/postgres/errors.go:126.29,128.2 1 70
github.com/Dorico-Dynamics/txova-go-db/postgres/errors.go:131.44,133.2 1 0
github.com/Dorico-Dynamics/txova-go-db/postgres/errors.go:136.34,138.2 1 12
github.com/Dorico-Dynamics/txova-go-db/postgres/errors.go:141.35,143.2 1 2
github.com/Dorico-Dynamics/txova-go-db/postgres/errors.go:146.33,148.2 1 1
github.com/Dorico-Dynamics/txova-go-db/postgres/errors.go:151.31,153.2 1 1
github.com/Dorico-Dynamics/txova-go-db/postgres/errors.go:156.36,158.2 1 1
github.com/Dorico-Dynamics/txova-go-db/postgres/errors.go:161.33,163.2 1 1
github.com/Dorico-Dynamics/txova-go-db/postgres/errors.go:166.37,168.2 1 1
github.com/Dorico-Dynamics/txova-go-db/postgres/errors.go:172.32,174.2 1 10
github.com/Dorico-Dynamics/txova-go-db/postgres/errors.go:178.39,181.31 2 4
github.com/Dorico-Dynamics/txova-go-db/postgres/errors.go:181.31,183.3 1 2
github.com/Dorico-Dynamics/txova-go-db/postgres/errors.go:185.2,185.30 1 2
github.com/Dorico-Dynamics/txova-go-db/postgres/errors.go:191.37,193.57 1 10
github.com/Dorico-Dynamics/txova-go-db/postgres/errors.go:193.57,196.3 2 10
github.com/Dorico-Dynamics/txova-go-db/postgres/errors.go:197.2,197.14 1 0
github.com/Dorico-Dynamics/txova-go-db/postgres/errors.go:201.52,205.2 3 1
github.com/Dorico-Dynamics/txova-go-db/postgres/errors.go:208.47,212.2 3 1
github.com/Dorico-Dynamics/txova-go-db/postgres/errors.go:234.36,235.16 1 7
github.com/Dorico-Dynamics/txova-go-db/postgres/errors.go:235.16,237.3 1 1
github.com/Dorico-Dynamics/txova-go-db/postgres/errors.go:239.2,240.29 2 6
github.com/Dorico-Dynamics/txova-go-db/postgres/errors.go:240.29,243.3 1 1
github.com/Dorico-Dynamics/txova-go-db/postgres/errors.go:245.2,255.3 2 5
github.com/Dorico-Dynamics/txova-go-db/postgres/errors.go:259.40,261.18 1 16
github.com/Dorico-Dynamics/txova-go-db/postgres/errors.go:262.31,263.23 1 4
github.com/Dorico-Dynamics/txova-go-db/postgres/errors.go:264.35,265.24 1 2
github.com/Dorico-Dynamics/txova-go-db/postgres/errors.go:266.30,267.28 1 1
github.com/Dorico-Dynamics/txova-go-db/postgres/errors.go:268.32,269.26 1 1
github.com/Dorico-Dynamics/txova-go-db/postgres/errors.go:270.36,271.27 1 1
github.com/Dorico-Dynamics/txova-go-db/postgres/errors.go:272.32,273.22 1 1
github.com/Dorico-Dynamics/txova-go-db/postgres/errors.go:274.29,275.21 1 1
github.com/Dorico-Dynamics/txova-go-db/postgres/errors.go:279.2,279.24 1 5
github.com/Dorico-Dynamics/txova-go-db/postgres/errors.go:279.24,281.16 2 4
github.com/Dorico-Dynamics/txova-go-db/postgres/errors.go:282.36,283.25 1 3
github.com/Dorico-Dynamics/txova-go-db/postgres/errors.go:287.2,287.21 1 2
github.com/Dorico-Dynamics/txova-go-db/postgres/errors.go:293.30,296.2 2 4
github.com/Dorico-Dynamics/txova-go-db/postgres/errors.go:300.32,302.28 2 56
github.com/Dorico-Dynamics/txova-go-db/postgres/errors.go:302.28,304.3 1 53
github.com/Dorico-Dynamics/txova-go-db/postgres/errors.go:305.2,305.12 1 3
github.com/Dorico-Dynamics/txova-go-db/postgres/errors.go:310.30,311.41 1 2
github.com/Dorico-Dynamics/txova-go-db/postgres/errors.go:311.41,313.3 1 1
github.com/Dorico-Dynamics/txova-go-db/postgres/errors.go:314.2,314.21 1 1
github.com/Dorico-Dynamics/txova-go-db/postgres/errors.go:318.40,319.41 1 51
github.com/Dorico-Dynamics/txova-go-db/postgres/errors.go:319.41,321.3 1 51
github.com/Dorico-Dynamics/txova-go-db/postgres/errors.go:322.2,322.14 1 0
github.com/Dorico-Dynamics/txova-go-db/postgres/errors.go:326.33,328.2 1 7
github.com/Dorico-Dynamics/txova-go-db/postgres/errors.go:331.34,333.2 1 7
github.com/Dorico-Dynamics/txova-go-db/postgres/errors.go:336.35,338.2 1 7
github.com/Dorico-Dynamics/txova-go-db/postgres/errors.go:341.35,343.2 1 7
github.com/Dorico-Dynamics/txova-go-db/postgres/errors.go:346.32,348.2 1 7
github.com/Dorico-Dynamics/txova-go-db/postgres/errors.go:351.38,353.2 1 7
github.com/Dorico-Dynamics/txova-go-db/postgres/errors.go:356.33,358.2 1 7
github.com/Dorico-Dynamics/txova-go-db/postgres/errors.go:363.38,365.2 1 5
github.com/Dorico-Dynamics/txova-go-db/postgres/errors.go:368.51,370.2 1 1
github.com/Dorico-Dynamics/txova-go-db/postgres/errors.go:373.39,375.2 1 3
github.com/Dorico-Dynamics/txova-go-db/postgres/errors.go:378.52,380.2 1 1
github.com/Dorico-Dynamics/txova-go-db/postgres/errors.go:383.40,385.2 1 3
github.com/Dorico-Dynamics/txova-go-db/postgres/errors.go:388.40,390.2 1 3
github.com/Dorico-Dynamics/txova-go-db/postgres/errors.go:393.57,395.2 1 1
github.com/Dorico-Dynamics/txova-go-db/postgres/errors.go:398.37,400.2 1 3
github.com/Dorico-Dynamics/txova-go-db/postgres/errors.go:403.54,405.2 1 1
github.com/Dorico-Dynamics/txova-go-db/postgres/errors.go:408.38,410.2 1 3
github.com/Dorico-Dynamics/txova-go-db/postgres/errors.go:413.55,415.2 1 1
